0
2.46
Z319569093232
43799
393211556799
Z114171618325
262193889
644173471
20120116 12:00:32
553DBDC192BACDFA149A02FBBF181240
Dbnfkbq1986
Payment facilities: VELCOM, ID:1326700696
ru-RU
SMS
WMZ
20069.91
Оплатить

1326723270 WMZ VELCOM 20069.91 2.46 6535148 
1326778006 WMZ VELCOM 6526.80 0.80 1923757 
1326823941 WMZ MTS 5058.27 0.62 2974171 
1326823770 WMZ MTS 5058.27 0.62 6669130 
1326829754 WMR BF16 30258.54 117.00 1650000148608 
1326836970 WMR VELCOM 5172.40 20.00 5357464 
1326837041 WMR VELCOM 5172.40 20.00 5357464 
1326890918 WMR VELCOM 5172.40 20.00 5834649 
1326895880 WMR MTS 14224.10 55.00 2377399 
1326897713 WMR VELCOM 23275.80 90.00 5834649 
1326911633 WMZ LIFE 8158.50 1.00 7303275 
1326915605 WMR MTS 8017.22 31.00 7961847 
1326960089 WMZ BF21 54009.27 6.62 2155001867902 
1326960677 WMZ MTS 10034.95 1.23 3092683 
1326967053 WMZ BF21 25046.59 3.07 2155000024808 
1326974209 WMR VELCOM 5001.71 19.34 9471879 
1327063661 WMR BF23 100000.59 386.67 2301001013201 
1327066377 WMR BF17 8534.46 33.00 1771001006301 
1327086726 WMZ BF 15011.64 1.84 1705008054101 
1327157535 WMZ VELCOM 24475.50 3.00 2300708 
1327241864 WMR MTS 9002.56 34.81 8746121 
1327241068 WMR BF17 5948.26 23.00 1771001006301 
1327252963 WMR VELCOM 6465.50 25.00 1237428 
1327253252 WMZ MTS 24475.50 3.00 2115668 
1327306166 WMR MTS 20001.67 77.34 8404083 
1327326289 WMZ VELCOM 8158.50 1.00 3099275 
1327340658 WMR MTS 11500.83 44.47 6528326 
1327341918 WMZ LIFE 10034.95 1.23 9513838 
1327342706 WMR MTS 5001.71 19.34 6528326 
1327342332 WMR MTS 5004.29 19.35 2865231 
1327361587 WMR VELCOM 34913.70 135.00 5834649 
1327383029 WMZ MTS 5058.27 0.62 6669130 
1327412824 WMZ BF22 106060.50 13.00 2250000099108 
1327420975 WMZ MTS 20069.91 2.46 8772508 29
1327421074 WMZ VELCOM 20069.91 2.46 6276284 29
